[14-Apr-2023 20:21:04] NOTICE: fpm is running, pid 1614
[14-Apr-2023 20:21:04] NOTICE: ready to handle connections
[14-Apr-2023 20:25:20] NOTICE: Terminating ...
[14-Apr-2023 20:25:20] NOTICE: Terminating ...
[14-Apr-2023 20:25:20] NOTICE: exiting, bye-bye!
[14-Apr-2023 20:32:35] NOTICE: fpm is running, pid 2203
[14-Apr-2023 20:32:35] NOTICE: ready to handle connections
[14-Apr-2023 20:50:45] NOTICE: Terminating ...
[14-Apr-2023 20:50:45] NOTICE: Terminating ...
[14-Apr-2023 20:50:45] NOTICE: exiting, bye-bye!
[14-Apr-2023 20:50:51] NOTICE: fpm is running, pid 2398
[14-Apr-2023 20:50:51] NOTICE: ready to handle connections
[14-Apr-2023 20:51:02] NOTICE: Terminating ...
[14-Apr-2023 20:51:02] NOTICE: Terminating ...
[14-Apr-2023 20:51:02] NOTICE: exiting, bye-bye!
[07-Jul-2023 15:09:46] NOTICE: fpm is running, pid 19808
[07-Jul-2023 15:09:46] NOTICE: ready to handle connections
[07-Jul-2023 15:15:10] NOTICE: Terminating ...
[07-Jul-2023 15:15:10] NOTICE: Terminating ...
[07-Jul-2023 15:15:10] NOTICE: exiting, bye-bye!
